2018/03/25 12:13:18 [error] [exception.CHttpException.404] CHttpException: Unable to resolve the request "WebUser/update". in /var/www/html/bursa-lowker/framework/web/CWebApplication.php:286
Stack trace:
#0 /var/www/html/bursa-lowker/framework/web/CWebApplication.php(141): CWebApplication->runController('WebUser/update')
#1 /var/www/html/bursa-lowker/framework/base/CApplication.php(185): CWebApplication->processRequest()
#2 /var/www/html/bursa-lowker/index.php(14): CApplication->run()
#3 {main}
REQUEST_URI=/bursa-lowker/index.php/WebUser/update/
HTTP_REFERER=http://localhost/bursa-lowker/index.php/lowongan/
---
2018/03/25 12:15:23 [error] [exception.CHttpException.403] CHttpException: You are not authorized to perform this action. in /var/www/html/bursa-lowker/framework/web/auth/CAccessControlFilter.php:183
Stack trace:
#0 /var/www/html/bursa-lowker/framework/web/auth/CAccessControlFilter.php(145): CAccessControlFilter->accessDenied(Object(CWebUser), 'You are not aut...')
#1 /var/www/html/bursa-lowker/framework/web/filters/CFilter.php(38): CAccessControlFilter->preFilter(Object(CFilterChain))
#2 /var/www/html/bursa-lowker/framework/web/CController.php(1148): CFilter->filter(Object(CFilterChain))
#3 /var/www/html/bursa-lowker/framework/web/filters/CInlineFilter.php(58): CController->filterAccessControl(Object(CFilterChain))
#4 /var/www/html/bursa-lowker/framework/web/filters/CFilterChain.php(131): CInlineFilter->filter(Object(CFilterChain))
#5 /var/www/html/bursa-lowker/framework/web/CController.php(291): CFilterChain->run()
#6 /var/www/html/bursa-lowker/framework/web/CController.php(265): CController->runActionWithFilters(Object(CInlineAction), Array)
#7 /var/www/html/bursa-lowker/framework/web/CWebApplication.php(282): CController->run('admin')
#8 /var/www/html/bursa-lowker/framework/web/CWebApplication.php(141): CWebApplication->runController('lamaran/admin')
#9 /var/www/html/bursa-lowker/framework/base/CApplication.php(185): CWebApplication->processRequest()
#10 /var/www/html/bursa-lowker/index.php(14): CApplication->run()
#11 {main}
REQUEST_URI=/bursa-lowker/index.php/lamaran/admin
HTTP_REFERER=http://localhost/bursa-lowker/index.php/lamaran/116
---
2018/03/25 17:34:04 [error] [exception.CHttpException.403] CHttpException: You are not authorized to perform this action. in /var/www/html/bursa-lowker/framework/web/auth/CAccessControlFilter.php:183
Stack trace:
#0 /var/www/html/bursa-lowker/framework/web/auth/CAccessControlFilter.php(145): CAccessControlFilter->accessDenied(Object(CWebUser), 'You are not aut...')
#1 /var/www/html/bursa-lowker/framework/web/filters/CFilter.php(38): CAccessControlFilter->preFilter(Object(CFilterChain))
#2 /var/www/html/bursa-lowker/framework/web/CController.php(1148): CFilter->filter(Object(CFilterChain))
#3 /var/www/html/bursa-lowker/framework/web/filters/CInlineFilter.php(58): CController->filterAccessControl(Object(CFilterChain))
#4 /var/www/html/bursa-lowker/framework/web/filters/CFilterChain.php(131): CInlineFilter->filter(Object(CFilterChain))
#5 /var/www/html/bursa-lowker/framework/web/CController.php(291): CFilterChain->run()
#6 /var/www/html/bursa-lowker/framework/web/CController.php(265): CController->runActionWithFilters(Object(CInlineAction), Array)
#7 /var/www/html/bursa-lowker/framework/web/CWebApplication.php(282): CController->run('admin')
#8 /var/www/html/bursa-lowker/framework/web/CWebApplication.php(141): CWebApplication->runController('lamaran/admin')
#9 /var/www/html/bursa-lowker/framework/base/CApplication.php(185): CWebApplication->processRequest()
#10 /var/www/html/bursa-lowker/index.php(14): CApplication->run()
#11 {main}
REQUEST_URI=/bursa-lowker/index.php/lamaran/admin
HTTP_REFERER=http://localhost/bursa-lowker/index.php/lamaran/117
---
2018/03/28 10:39:03 [error] [exception.CHttpException.403] CHttpException: You are not authorized to perform this action. in /var/www/html/bursa-lowker/framework/web/auth/CAccessControlFilter.php:183
Stack trace:
#0 /var/www/html/bursa-lowker/framework/web/auth/CAccessControlFilter.php(145): CAccessControlFilter->accessDenied(Object(CWebUser), 'You are not aut...')
#1 /var/www/html/bursa-lowker/framework/web/filters/CFilter.php(38): CAccessControlFilter->preFilter(Object(CFilterChain))
#2 /var/www/html/bursa-lowker/framework/web/CController.php(1148): CFilter->filter(Object(CFilterChain))
#3 /var/www/html/bursa-lowker/framework/web/filters/CInlineFilter.php(58): CController->filterAccessControl(Object(CFilterChain))
#4 /var/www/html/bursa-lowker/framework/web/filters/CFilterChain.php(131): CInlineFilter->filter(Object(CFilterChain))
#5 /var/www/html/bursa-lowker/framework/web/CController.php(291): CFilterChain->run()
#6 /var/www/html/bursa-lowker/framework/web/CController.php(265): CController->runActionWithFilters(Object(CInlineAction), Array)
#7 /var/www/html/bursa-lowker/framework/web/CWebApplication.php(282): CController->run('admin')
#8 /var/www/html/bursa-lowker/framework/web/CWebApplication.php(141): CWebApplication->runController('lamaran/admin')
#9 /var/www/html/bursa-lowker/framework/base/CApplication.php(185): CWebApplication->processRequest()
#10 /var/www/html/bursa-lowker/index.php(14): CApplication->run()
#11 {main}
REQUEST_URI=/bursa-lowker/index.php/lamaran/admin
HTTP_REFERER=http://localhost/bursa-lowker/index.php/lamaran/118
---
2018/03/30 22:38:09 [error] [system.db.CDbCommand] CDbCommand::fetchAll() failed: SQLSTATE[42S22]: Column not found: 1054 Unknown column 'lowongan.tgl_lampiran' in 'field list'. The SQL statement executed was: SELECT lowongan.id_lowongan, lowongan.id_kategori, kategori.nama_kategori, lowongan.id_perusahaan, perusahaan.nama_perusahaan, lowongan.id_kota, kota.nama_kota, lowongan.id_jurusan, jurusan_pendidikan.nama_jurusan, lowongan.tgl_buat, lowongan.pekerjaan, lowongan.tipe_pekerjaan, lowongan.deskripsi, lowongan.persyaratan, lowongan.tawaran_gaji, lowongan.usia_max, lowongan.jenis_kelamin, lowongan.batas_lamaran, lowongan.status, lowongan.tgl_lampiran FROM lowongan INNER JOIN kategori, perusahaan, kota, jurusan_pendidikan WHERE lowongan.id_kategori = kategori.id_kategori AND lowongan.id_perusahaan = perusahaan.id_perusahaan AND lowongan.id_kota = kota.id_kota AND lowongan.id_jurusan = jurusan_pendidikan.id_jurusan AND lowongan.id_perusahaan = 1025 ORDER BY lowongan.tgl_buat DESC;.
in /var/www/html/bursa-lowker/protected/models/Lowongan.php (169)
in /var/www/html/bursa-lowker/protected/controllers/LowonganController.php (174)
in /var/www/html/bursa-lowker/index.php (14)
2018/03/30 22:38:09 [error] [exception.CDbException] CDbException: CDbCommand failed to execute the SQL statement: SQLSTATE[42S22]: Column not found: 1054 Unknown column 'lowongan.tgl_lampiran' in 'field list'. The SQL statement executed was: SELECT lowongan.id_lowongan, lowongan.id_kategori, kategori.nama_kategori, lowongan.id_perusahaan, perusahaan.nama_perusahaan, lowongan.id_kota, kota.nama_kota, lowongan.id_jurusan, jurusan_pendidikan.nama_jurusan, lowongan.tgl_buat, lowongan.pekerjaan, lowongan.tipe_pekerjaan, lowongan.deskripsi, lowongan.persyaratan, lowongan.tawaran_gaji, lowongan.usia_max, lowongan.jenis_kelamin, lowongan.batas_lamaran, lowongan.status, lowongan.tgl_lampiran FROM lowongan INNER JOIN kategori, perusahaan, kota, jurusan_pendidikan WHERE lowongan.id_kategori = kategori.id_kategori AND lowongan.id_perusahaan = perusahaan.id_perusahaan AND lowongan.id_kota = kota.id_kota AND lowongan.id_jurusan = jurusan_pendidikan.id_jurusan AND lowongan.id_perusahaan = 1025 ORDER BY lowongan.tgl_buat DESC; in /var/www/html/bursa-lowker/framework/db/CDbCommand.php:543
Stack trace:
#0 /var/www/html/bursa-lowker/framework/db/CDbCommand.php(396): CDbCommand->queryInternal('fetchAll', Array, Array)
#1 /var/www/html/bursa-lowker/protected/models/Lowongan.php(169): CDbCommand->queryAll()
#2 /var/www/html/bursa-lowker/protected/controllers/LowonganController.php(174): Lowongan->getAllByPk('1025')
#3 /var/www/html/bursa-lowker/framework/web/actions/CInlineAction.php(49): LowonganController->actionPerusahaanSaya()
#4 /var/www/html/bursa-lowker/framework/web/CController.php(308): CInlineAction->runWithParams(Array)
#5 /var/www/html/bursa-lowker/framework/web/filters/CFilterChain.php(134): CController->runAction(Object(CInlineAction))
#6 /var/www/html/bursa-lowker/framework/web/filters/CFilter.php(40): CFilterChain->run()
#7 /var/www/html/bursa-lowker/framework/web/CController.php(1148): CFilter->filter(Object(CFilterChain))
#8 /var/www/html/bursa-lowker/framework/web/filters/CInlineFilter.php(58): CController->filterAccessControl(Object(CFilterChain))
#9 /var/www/html/bursa-lowker/framework/web/filters/CFilterChain.php(131): CInlineFilter->filter(Object(CFilterChain))
#10 /var/www/html/bursa-lowker/framework/web/CController.php(291): CFilterChain->run()
#11 /var/www/html/bursa-lowker/framework/web/CController.php(265): CController->runActionWithFilters(Object(CInlineAction), Array)
#12 /var/www/html/bursa-lowker/framework/web/CWebApplication.php(282): CController->run('perusahaanSaya')
#13 /var/www/html/bursa-lowker/framework/web/CWebApplication.php(141): CWebApplication->runController('lowongan/perusa...')
#14 /var/www/html/bursa-lowker/framework/base/CApplication.php(185): CWebApplication->processRequest()
#15 /var/www/html/bursa-lowker/index.php(14): CApplication->run()
#16 {main}
REQUEST_URI=/bursa-lowker/index.php/lowongan/perusahaanSaya/1025
HTTP_REFERER=http://localhost/bursa-lowker/index.php/home
---
2018/03/30 22:51:43 [error] [php] Undefined index: tgl_panggilan (/var/www/html/bursa-lowker/protected/controllers/LamaranController.php:195)
Stack trace:
#0 /var/www/html/bursa-lowker/framework/web/actions/CInlineAction.php(47): CInlineAction->runWithParamsInternal()
#1 /var/www/html/bursa-lowker/framework/web/CController.php(308): CInlineAction->runWithParams()
#2 /var/www/html/bursa-lowker/framework/web/filters/CFilterChain.php(134): LamaranController->runAction()
#3 /var/www/html/bursa-lowker/framework/web/filters/CFilter.php(40): CFilterChain->run()
#4 /var/www/html/bursa-lowker/framework/web/CController.php(1148): CAccessControlFilter->filter()
#5 /var/www/html/bursa-lowker/framework/web/filters/CInlineFilter.php(58): LamaranController->filterAccessControl()
#6 /var/www/html/bursa-lowker/framework/web/filters/CFilterChain.php(131): CInlineFilter->filter()
#7 /var/www/html/bursa-lowker/framework/web/CController.php(291): CFilterChain->run()
#8 /var/www/html/bursa-lowker/framework/web/CController.php(265): LamaranController->runActionWithFilters()
#9 /var/www/html/bursa-lowker/framework/web/CWebApplication.php(282): LamaranController->run()
#10 /var/www/html/bursa-lowker/framework/web/CWebApplication.php(141): CWebApplication->runController()
#11 /var/www/html/bursa-lowker/framework/base/CApplication.php(185): CWebApplication->processRequest()
#12 /var/www/html/bursa-lowker/index.php(14): CWebApplication->run()
REQUEST_URI=/bursa-lowker/index.php/lamaran/terima/118
in /var/www/html/bursa-lowker/protected/controllers/LamaranController.php (195)
in /var/www/html/bursa-lowker/index.php (14)
2018/03/30 22:53:28 [error] [php] Undefined index: tgl_panggilan (/var/www/html/bursa-lowker/protected/controllers/LamaranController.php:195)
Stack trace:
#0 /var/www/html/bursa-lowker/framework/web/actions/CInlineAction.php(47): CInlineAction->runWithParamsInternal()
#1 /var/www/html/bursa-lowker/framework/web/CController.php(308): CInlineAction->runWithParams()
#2 /var/www/html/bursa-lowker/framework/web/filters/CFilterChain.php(134): LamaranController->runAction()
#3 /var/www/html/bursa-lowker/framework/web/filters/CFilter.php(40): CFilterChain->run()
#4 /var/www/html/bursa-lowker/framework/web/CController.php(1148): CAccessControlFilter->filter()
#5 /var/www/html/bursa-lowker/framework/web/filters/CInlineFilter.php(58): LamaranController->filterAccessControl()
#6 /var/www/html/bursa-lowker/framework/web/filters/CFilterChain.php(131): CInlineFilter->filter()
#7 /var/www/html/bursa-lowker/framework/web/CController.php(291): CFilterChain->run()
#8 /var/www/html/bursa-lowker/framework/web/CController.php(265): LamaranController->runActionWithFilters()
#9 /var/www/html/bursa-lowker/framework/web/CWebApplication.php(282): LamaranController->run()
#10 /var/www/html/bursa-lowker/framework/web/CWebApplication.php(141): CWebApplication->runController()
#11 /var/www/html/bursa-lowker/framework/base/CApplication.php(185): CWebApplication->processRequest()
#12 /var/www/html/bursa-lowker/index.php(14): CWebApplication->run()
REQUEST_URI=/bursa-lowker/index.php/lamaran/terima/118
in /var/www/html/bursa-lowker/protected/controllers/LamaranController.php (195)
in /var/www/html/bursa-lowker/index.php (14)
2018/03/30 22:53:28 [error] [php] Undefined index: tgl_panggilan (/var/www/html/bursa-lowker/protected/controllers/LamaranController.php:195)
Stack trace:
#0 /var/www/html/bursa-lowker/framework/web/actions/CInlineAction.php(47): CInlineAction->runWithParamsInternal()
#1 /var/www/html/bursa-lowker/framework/web/CController.php(308): CInlineAction->runWithParams()
#2 /var/www/html/bursa-lowker/framework/web/filters/CFilterChain.php(134): LamaranController->runAction()
#3 /var/www/html/bursa-lowker/framework/web/filters/CFilter.php(40): CFilterChain->run()
#4 /var/www/html/bursa-lowker/framework/web/CController.php(1148): CAccessControlFilter->filter()
#5 /var/www/html/bursa-lowker/framework/web/filters/CInlineFilter.php(58): LamaranController->filterAccessControl()
#6 /var/www/html/bursa-lowker/framework/web/filters/CFilterChain.php(131): CInlineFilter->filter()
#7 /var/www/html/bursa-lowker/framework/web/CController.php(291): CFilterChain->run()
#8 /var/www/html/bursa-lowker/framework/web/CController.php(265): LamaranController->runActionWithFilters()
#9 /var/www/html/bursa-lowker/framework/web/CWebApplication.php(282): LamaranController->run()
#10 /var/www/html/bursa-lowker/framework/web/CWebApplication.php(141): CWebApplication->runController()
#11 /var/www/html/bursa-lowker/framework/base/CApplication.php(185): CWebApplication->processRequest()
#12 /var/www/html/bursa-lowker/index.php(14): CWebApplication->run()
REQUEST_URI=/bursa-lowker/index.php/lamaran/terima/118
in /var/www/html/bursa-lowker/protected/controllers/LamaranController.php (195)
in /var/www/html/bursa-lowker/index.php (14)
2018/03/30 22:53:31 [error] [system.db.CDbCommand] CDbCommand::execute() failed: SQLSTATE[23000]: Integrity constraint violation: 1062 Duplicate entry '118' for key 'PRIMARY'. The SQL statement executed was: INSERT INTO `notifikasi_lamaran` (`id_lamaran`, `sudah_dibaca`, `waktu`) VALUES (:yp0, :yp1, :yp2).
in /var/www/html/bursa-lowker/protected/controllers/LamaranController.php (206)
in /var/www/html/bursa-lowker/index.php (14)
2018/03/30 22:53:31 [error] [exception.CDbException] CDbException: CDbCommand failed to execute the SQL statement: SQLSTATE[23000]: Integrity constraint violation: 1062 Duplicate entry '118' for key 'PRIMARY'. The SQL statement executed was: INSERT INTO `notifikasi_lamaran` (`id_lamaran`, `sudah_dibaca`, `waktu`) VALUES (:yp0, :yp1, :yp2) in /var/www/html/bursa-lowker/framework/db/CDbCommand.php:358
Stack trace:
#0 /var/www/html/bursa-lowker/framework/db/ar/CActiveRecord.php(1083): CDbCommand->execute()
#1 /var/www/html/bursa-lowker/framework/db/ar/CActiveRecord.php(811): CActiveRecord->insert(NULL)
#2 /var/www/html/bursa-lowker/protected/controllers/LamaranController.php(206): CActiveRecord->save()
#3 [internal function]: LamaranController->actionTerima('118')
#4 /var/www/html/bursa-lowker/framework/web/actions/CAction.php(109): ReflectionMethod->invokeArgs(Object(LamaranController), Array)
#5 /var/www/html/bursa-lowker/framework/web/actions/CInlineAction.php(47): CAction->runWithParamsInternal(Object(LamaranController), Object(ReflectionMethod), Array)
#6 /var/www/html/bursa-lowker/framework/web/CController.php(308): CInlineAction->runWithParams(Array)
#7 /var/www/html/bursa-lowker/framework/web/filters/CFilterChain.php(134): CController->runAction(Object(CInlineAction))
#8 /var/www/html/bursa-lowker/framework/web/filters/CFilter.php(40): CFilterChain->run()
#9 /var/www/html/bursa-lowker/framework/web/CController.php(1148): CFilter->filter(Object(CFilterChain))
#10 /var/www/html/bursa-lowker/framework/web/filters/CInlineFilter.php(58): CController->filterAccessControl(Object(CFilterChain))
#11 /var/www/html/bursa-lowker/framework/web/filters/CFilterChain.php(131): CInlineFilter->filter(Object(CFilterChain))
#12 /var/www/html/bursa-lowker/framework/web/CController.php(291): CFilterChain->run()
#13 /var/www/html/bursa-lowker/framework/web/CController.php(265): CController->runActionWithFilters(Object(CInlineAction), Array)
#14 /var/www/html/bursa-lowker/framework/web/CWebApplication.php(282): CController->run('terima')
#15 /var/www/html/bursa-lowker/framework/web/CWebApplication.php(141): CWebApplication->runController('lamaran/terima')
#16 /var/www/html/bursa-lowker/framework/base/CApplication.php(185): CWebApplication->processRequest()
#17 /var/www/html/bursa-lowker/index.php(14): CApplication->run()
#18 {main}
REQUEST_URI=/bursa-lowker/index.php/lamaran/terima/118
HTTP_REFERER=http://localhost/bursa-lowker/index.php/lowongan/viewPerusahaan/47
---
2018/03/30 22:55:33 [error] [system.db.CDbCommand] CDbCommand::execute() failed: SQLSTATE[23000]: Integrity constraint violation: 1062 Duplicate entry '118' for key 'PRIMARY'. The SQL statement executed was: INSERT INTO `notifikasi_lamaran` (`id_lamaran`, `sudah_dibaca`, `waktu`) VALUES (:yp0, :yp1, :yp2).
in /var/www/html/bursa-lowker/protected/controllers/LamaranController.php (207)
in /var/www/html/bursa-lowker/index.php (14)
2018/03/30 22:55:33 [error] [exception.CDbException] CDbException: CDbCommand failed to execute the SQL statement: SQLSTATE[23000]: Integrity constraint violation: 1062 Duplicate entry '118' for key 'PRIMARY'. The SQL statement executed was: INSERT INTO `notifikasi_lamaran` (`id_lamaran`, `sudah_dibaca`, `waktu`) VALUES (:yp0, :yp1, :yp2) in /var/www/html/bursa-lowker/framework/db/CDbCommand.php:358
Stack trace:
#0 /var/www/html/bursa-lowker/framework/db/ar/CActiveRecord.php(1083): CDbCommand->execute()
#1 /var/www/html/bursa-lowker/framework/db/ar/CActiveRecord.php(811): CActiveRecord->insert(NULL)
#2 /var/www/html/bursa-lowker/protected/controllers/LamaranController.php(207): CActiveRecord->save()
#3 [internal function]: LamaranController->actionTerima('118')
#4 /var/www/html/bursa-lowker/framework/web/actions/CAction.php(109): ReflectionMethod->invokeArgs(Object(LamaranController), Array)
#5 /var/www/html/bursa-lowker/framework/web/actions/CInlineAction.php(47): CAction->runWithParamsInternal(Object(LamaranController), Object(ReflectionMethod), Array)
#6 /var/www/html/bursa-lowker/framework/web/CController.php(308): CInlineAction->runWithParams(Array)
#7 /var/www/html/bursa-lowker/framework/web/filters/CFilterChain.php(134): CController->runAction(Object(CInlineAction))
#8 /var/www/html/bursa-lowker/framework/web/filters/CFilter.php(40): CFilterChain->run()
#9 /var/www/html/bursa-lowker/framework/web/CController.php(1148): CFilter->filter(Object(CFilterChain))
#10 /var/www/html/bursa-lowker/framework/web/filters/CInlineFilter.php(58): CController->filterAccessControl(Object(CFilterChain))
#11 /var/www/html/bursa-lowker/framework/web/filters/CFilterChain.php(131): CInlineFilter->filter(Object(CFilterChain))
#12 /var/www/html/bursa-lowker/framework/web/CController.php(291): CFilterChain->run()
#13 /var/www/html/bursa-lowker/framework/web/CController.php(265): CController->runActionWithFilters(Object(CInlineAction), Array)
#14 /var/www/html/bursa-lowker/framework/web/CWebApplication.php(282): CController->run('terima')
#15 /var/www/html/bursa-lowker/framework/web/CWebApplication.php(141): CWebApplication->runController('lamaran/terima')
#16 /var/www/html/bursa-lowker/framework/base/CApplication.php(185): CWebApplication->processRequest()
#17 /var/www/html/bursa-lowker/index.php(14): CApplication->run()
#18 {main}
REQUEST_URI=/bursa-lowker/index.php/lamaran/terima/118
HTTP_REFERER=http://localhost/bursa-lowker/index.php/lowongan/viewPerusahaan/47
---
2018/03/30 23:04:30 [error] [php] date_format() expects parameter 1 to be DateTimeInterface, string given (/var/www/html/bursa-lowker/protected/controllers/LamaranController.php:200)
Stack trace:
#0 /var/www/html/bursa-lowker/framework/web/actions/CAction.php(109): ReflectionMethod->invokeArgs()
#1 /var/www/html/bursa-lowker/framework/web/actions/CInlineAction.php(47): CInlineAction->runWithParamsInternal()
#2 /var/www/html/bursa-lowker/framework/web/CController.php(308): CInlineAction->runWithParams()
#3 /var/www/html/bursa-lowker/framework/web/filters/CFilterChain.php(134): LamaranController->runAction()
#4 /var/www/html/bursa-lowker/framework/web/filters/CFilter.php(40): CFilterChain->run()
#5 /var/www/html/bursa-lowker/framework/web/CController.php(1148): CAccessControlFilter->filter()
#6 /var/www/html/bursa-lowker/framework/web/filters/CInlineFilter.php(58): LamaranController->filterAccessControl()
#7 /var/www/html/bursa-lowker/framework/web/filters/CFilterChain.php(131): CInlineFilter->filter()
#8 /var/www/html/bursa-lowker/framework/web/CController.php(291): CFilterChain->run()
#9 /var/www/html/bursa-lowker/framework/web/CController.php(265): LamaranController->runActionWithFilters()
#10 /var/www/html/bursa-lowker/framework/web/CWebApplication.php(282): LamaranController->run()
#11 /var/www/html/bursa-lowker/framework/web/CWebApplication.php(141): CWebApplication->runController()
#12 /var/www/html/bursa-lowker/framework/base/CApplication.php(185): CWebApplication->processRequest()
#13 /var/www/html/bursa-lowker/index.php(14): CWebApplication->run()
REQUEST_URI=/bursa-lowker/index.php/lamaran/terima/118
in /var/www/html/bursa-lowker/protected/controllers/LamaranController.php (200)
in /var/www/html/bursa-lowker/index.php (14)
2018/03/30 23:07:20 [error] [php] Undefined variable: kontak_perusahaan (/var/www/html/bursa-lowker/protected/views/lowongan/admin.php:101)
Stack trace:
#0 /var/www/html/bursa-lowker/framework/web/CController.php(872): LowonganController->renderFile()
#1 /var/www/html/bursa-lowker/framework/web/CController.php(785): LowonganController->renderPartial()
#2 /var/www/html/bursa-lowker/protected/controllers/LowonganController.php(169): LowonganController->render()
#3 /var/www/html/bursa-lowker/framework/web/actions/CInlineAction.php(49): LowonganController->actionAdmin()
#4 /var/www/html/bursa-lowker/framework/web/CController.php(308): CInlineAction->runWithParams()
#5 /var/www/html/bursa-lowker/framework/web/filters/CFilterChain.php(134): LowonganController->runAction()
#6 /var/www/html/bursa-lowker/framework/web/filters/CFilter.php(40): CFilterChain->run()
#7 /var/www/html/bursa-lowker/framework/web/CController.php(1148): CAccessControlFilter->filter()
#8 /var/www/html/bursa-lowker/framework/web/filters/CInlineFilter.php(58): LowonganController->filterAccessControl()
#9 /var/www/html/bursa-lowker/framework/web/filters/CFilterChain.php(131): CInlineFilter->filter()
#10 /var/www/html/bursa-lowker/framework/web/CController.php(291): CFilterChain->run()
#11 /var/www/html/bursa-lowker/framework/web/CController.php(265): LowonganController->runActionWithFilters()
#12 /var/www/html/bursa-lowker/framework/web/CWebApplication.php(282): LowonganController->run()
#13 /var/www/html/bursa-lowker/framework/web/CWebApplication.php(141): CWebApplication->runController()
#14 /var/www/html/bursa-lowker/framework/base/CApplication.php(185): CWebApplication->processRequest()
#15 /var/www/html/bursa-lowker/index.php(14): CWebApplication->run()
REQUEST_URI=/bursa-lowker/index.php/lowongan/admin
in /var/www/html/bursa-lowker/protected/views/lowongan/admin.php (101)
in /var/www/html/bursa-lowker/protected/controllers/LowonganController.php (169)
in /var/www/html/bursa-lowker/index.php (14)
2018/03/30 23:08:46 [error] [php] date_format() expects parameter 1 to be DateTimeInterface, string given (/var/www/html/bursa-lowker/protected/controllers/LamaranController.php:199)
Stack trace:
#0 /var/www/html/bursa-lowker/framework/web/actions/CAction.php(109): ReflectionMethod->invokeArgs()
#1 /var/www/html/bursa-lowker/framework/web/actions/CInlineAction.php(47): CInlineAction->runWithParamsInternal()
#2 /var/www/html/bursa-lowker/framework/web/CController.php(308): CInlineAction->runWithParams()
#3 /var/www/html/bursa-lowker/framework/web/filters/CFilterChain.php(134): LamaranController->runAction()
#4 /var/www/html/bursa-lowker/framework/web/filters/CFilter.php(40): CFilterChain->run()
#5 /var/www/html/bursa-lowker/framework/web/CController.php(1148): CAccessControlFilter->filter()
#6 /var/www/html/bursa-lowker/framework/web/filters/CInlineFilter.php(58): LamaranController->filterAccessControl()
#7 /var/www/html/bursa-lowker/framework/web/filters/CFilterChain.php(131): CInlineFilter->filter()
#8 /var/www/html/bursa-lowker/framework/web/CController.php(291): CFilterChain->run()
#9 /var/www/html/bursa-lowker/framework/web/CController.php(265): LamaranController->runActionWithFilters()
#10 /var/www/html/bursa-lowker/framework/web/CWebApplication.php(282): LamaranController->run()
#11 /var/www/html/bursa-lowker/framework/web/CWebApplication.php(141): CWebApplication->runController()
#12 /var/www/html/bursa-lowker/framework/base/CApplication.php(185): CWebApplication->processRequest()
#13 /var/www/html/bursa-lowker/index.php(14): CWebApplication->run()
REQUEST_URI=/bursa-lowker/index.php/lamaran/terima/118
in /var/www/html/bursa-lowker/protected/controllers/LamaranController.php (199)
in /var/www/html/bursa-lowker/index.php (14)
2018/03/30 23:11:18 [error] [php] A non well formed numeric value encountered (/var/www/html/bursa-lowker/protected/controllers/LamaranController.php:199)
Stack trace:
#0 /var/www/html/bursa-lowker/framework/web/actions/CAction.php(109): ReflectionMethod->invokeArgs()
#1 /var/www/html/bursa-lowker/framework/web/actions/CInlineAction.php(47): CInlineAction->runWithParamsInternal()
#2 /var/www/html/bursa-lowker/framework/web/CController.php(308): CInlineAction->runWithParams()
#3 /var/www/html/bursa-lowker/framework/web/filters/CFilterChain.php(134): LamaranController->runAction()
#4 /var/www/html/bursa-lowker/framework/web/filters/CFilter.php(40): CFilterChain->run()
#5 /var/www/html/bursa-lowker/framework/web/CController.php(1148): CAccessControlFilter->filter()
#6 /var/www/html/bursa-lowker/framework/web/filters/CInlineFilter.php(58): LamaranController->filterAccessControl()
#7 /var/www/html/bursa-lowker/framework/web/filters/CFilterChain.php(131): CInlineFilter->filter()
#8 /var/www/html/bursa-lowker/framework/web/CController.php(291): CFilterChain->run()
#9 /var/www/html/bursa-lowker/framework/web/CController.php(265): LamaranController->runActionWithFilters()
#10 /var/www/html/bursa-lowker/framework/web/CWebApplication.php(282): LamaranController->run()
#11 /var/www/html/bursa-lowker/framework/web/CWebApplication.php(141): CWebApplication->runController()
#12 /var/www/html/bursa-lowker/framework/base/CApplication.php(185): CWebApplication->processRequest()
#13 /var/www/html/bursa-lowker/index.php(14): CWebApplication->run()
REQUEST_URI=/bursa-lowker/index.php/lamaran/terima/118
in /var/www/html/bursa-lowker/protected/controllers/LamaranController.php (199)
in /var/www/html/bursa-lowker/index.php (14)
2018/03/30 23:17:05 [error] [exception.ParseError] ParseError: syntax error, unexpected 'date_format' (T_STRING) in /var/www/html/bursa-lowker/protected/controllers/LamaranController.php:197
Stack trace:
#0 /var/www/html/bursa-lowker/framework/web/CWebApplication.php(276): CWebApplication->createController('terima/')
#1 /var/www/html/bursa-lowker/framework/web/CWebApplication.php(141): CWebApplication->runController('lamaran/terima')
#2 /var/www/html/bursa-lowker/framework/base/CApplication.php(185): CWebApplication->processRequest()
#3 /var/www/html/bursa-lowker/index.php(14): CApplication->run()
#4 {main}
REQUEST_URI=/bursa-lowker/index.php/lamaran/terima/118
HTTP_REFERER=http://localhost/bursa-lowker/index.php/lowongan/viewPerusahaan/47
---
2018/04/01 11:05:33 [error] [exception.CHttpException.404] CHttpException: Unable to resolve the request "backend". in /var/www/html/bursa-lowker/framework/web/CWebApplication.php:286
Stack trace:
#0 /var/www/html/bursa-lowker/framework/web/CWebApplication.php(141): CWebApplication->runController('backend')
#1 /var/www/html/bursa-lowker/framework/base/CApplication.php(185): CWebApplication->processRequest()
#2 /var/www/html/bursa-lowker/index.php(14): CApplication->run()
#3 {main}
REQUEST_URI=/bursa-lowker/index.php/backend
---
2018/04/01 11:05:52 [error] [exception.CHttpException.404] CHttpException: Unable to resolve the request "login". in /var/www/html/bursa-lowker/framework/web/CWebApplication.php:286
Stack trace:
#0 /var/www/html/bursa-lowker/framework/web/CWebApplication.php(141): CWebApplication->runController('login')
#1 /var/www/html/bursa-lowker/framework/base/CApplication.php(185): CWebApplication->processRequest()
#2 /var/www/html/bursa-lowker/index.php(14): CApplication->run()
#3 {main}
REQUEST_URI=/bursa-lowker/index.php/login
---
2018/04/01 11:07:28 [error] [exception.CHttpException.404] CHttpException: Unable to resolve the request "backend". in /var/www/html/bursa-lowker/framework/web/CWebApplication.php:286
Stack trace:
#0 /var/www/html/bursa-lowker/framework/web/CWebApplication.php(141): CWebApplication->runController('backend')
#1 /var/www/html/bursa-lowker/framework/base/CApplication.php(185): CWebApplication->processRequest()
#2 /var/www/html/bursa-lowker/index.php(14): CApplication->run()
#3 {main}
REQUEST_URI=/bursa-lowker/index.php/backend
---
2018/04/01 11:07:42 [error] [exception.CException] CException: BackendController cannot find the requested view "login". in /var/www/html/bursa-lowker/framework/web/CController.php:881
Stack trace:
#0 /var/www/html/bursa-lowker/framework/web/CController.php(785): CController->renderPartial('login', Array, true)
#1 /var/www/html/bursa-lowker/protected/controllers/BackendController.php(60): CController->render('login', Array)
#2 /var/www/html/bursa-lowker/framework/web/actions/CInlineAction.php(49): BackendController->actionIndex()
#3 /var/www/html/bursa-lowker/framework/web/CController.php(308): CInlineAction->runWithParams(Array)
#4 /var/www/html/bursa-lowker/framework/web/CController.php(286): CController->runAction(Object(CInlineAction))
#5 /var/www/html/bursa-lowker/framework/web/CController.php(265): CController->runActionWithFilters(Object(CInlineAction), Array)
#6 /var/www/html/bursa-lowker/framework/web/CWebApplication.php(282): CController->run('')
#7 /var/www/html/bursa-lowker/framework/web/CWebApplication.php(141): CWebApplication->runController('backend')
#8 /var/www/html/bursa-lowker/framework/base/CApplication.php(185): CWebApplication->processRequest()
#9 /var/www/html/bursa-lowker/index.php(14): CApplication->run()
#10 {main}
REQUEST_URI=/bursa-lowker/index.php/backend
---
2018/04/01 11:08:38 [error] [php] Undefined variable: model (/var/www/html/bursa-lowker/protected/controllers/BackendController.php:43)
Stack trace:
#0 /var/www/html/bursa-lowker/framework/web/CController.php(286): BackendController->runAction()
#1 /var/www/html/bursa-lowker/framework/web/CController.php(265): BackendController->runActionWithFilters()
#2 /var/www/html/bursa-lowker/framework/web/CWebApplication.php(282): BackendController->run()
#3 /var/www/html/bursa-lowker/framework/web/CWebApplication.php(141): CWebApplication->runController()
#4 /var/www/html/bursa-lowker/framework/base/CApplication.php(185): CWebApplication->processRequest()
#5 /var/www/html/bursa-lowker/index.php(14): CWebApplication->run()
REQUEST_URI=/bursa-lowker/index.php/backend
in /var/www/html/bursa-lowker/protected/controllers/BackendController.php (43)
in /var/www/html/bursa-lowker/index.php (14)
2018/04/01 11:08:51 [error] [exception.CException] CException: BackendController cannot find the requested view "site/login". in /var/www/html/bursa-lowker/framework/web/CController.php:881
Stack trace:
#0 /var/www/html/bursa-lowker/framework/web/CController.php(785): CController->renderPartial('site/login', NULL, true)
#1 /var/www/html/bursa-lowker/protected/controllers/BackendController.php(43): CController->render('site/login')
#2 /var/www/html/bursa-lowker/framework/web/actions/CInlineAction.php(49): BackendController->actionIndex()
#3 /var/www/html/bursa-lowker/framework/web/CController.php(308): CInlineAction->runWithParams(Array)
#4 /var/www/html/bursa-lowker/framework/web/CController.php(286): CController->runAction(Object(CInlineAction))
#5 /var/www/html/bursa-lowker/framework/web/CController.php(265): CController->runActionWithFilters(Object(CInlineAction), Array)
#6 /var/www/html/bursa-lowker/framework/web/CWebApplication.php(282): CController->run('')
#7 /var/www/html/bursa-lowker/framework/web/CWebApplication.php(141): CWebApplication->runController('backend')
#8 /var/www/html/bursa-lowker/framework/base/CApplication.php(185): CWebApplication->processRequest()
#9 /var/www/html/bursa-lowker/index.php(14): CApplication->run()
#10 {main}
REQUEST_URI=/bursa-lowker/index.php/backend
---
2018/04/01 11:09:19 [error] [exception.CException] CException: BackendController cannot find the requested view "/bursa-lowkerindex.php/site/login". in /var/www/html/bursa-lowker/framework/web/CController.php:881
Stack trace:
#0 /var/www/html/bursa-lowker/framework/web/CController.php(785): CController->renderPartial('/bursa-lowkerin...', NULL, true)
#1 /var/www/html/bursa-lowker/protected/controllers/BackendController.php(43): CController->render('/bursa-lowkerin...')
#2 /var/www/html/bursa-lowker/framework/web/actions/CInlineAction.php(49): BackendController->actionIndex()
#3 /var/www/html/bursa-lowker/framework/web/CController.php(308): CInlineAction->runWithParams(Array)
#4 /var/www/html/bursa-lowker/framework/web/CController.php(286): CController->runAction(Object(CInlineAction))
#5 /var/www/html/bursa-lowker/framework/web/CController.php(265): CController->runActionWithFilters(Object(CInlineAction), Array)
#6 /var/www/html/bursa-lowker/framework/web/CWebApplication.php(282): CController->run('')
#7 /var/www/html/bursa-lowker/framework/web/CWebApplication.php(141): CWebApplication->runController('backend')
#8 /var/www/html/bursa-lowker/framework/base/CApplication.php(185): CWebApplication->processRequest()
#9 /var/www/html/bursa-lowker/index.php(14): CApplication->run()
#10 {main}
REQUEST_URI=/bursa-lowker/index.php/backend
---
2018/04/01 11:09:58 [error] [exception.CException] CException: BackendController cannot find the requested view "..login". in /var/www/html/bursa-lowker/framework/web/CController.php:881
Stack trace:
#0 /var/www/html/bursa-lowker/framework/web/CController.php(785): CController->renderPartial('..login', Array, true)
#1 /var/www/html/bursa-lowker/protected/controllers/BackendController.php(60): CController->render('..login', Array)
#2 /var/www/html/bursa-lowker/framework/web/actions/CInlineAction.php(49): BackendController->actionIndex()
#3 /var/www/html/bursa-lowker/framework/web/CController.php(308): CInlineAction->runWithParams(Array)
#4 /var/www/html/bursa-lowker/framework/web/CController.php(286): CController->runAction(Object(CInlineAction))
#5 /var/www/html/bursa-lowker/framework/web/CController.php(265): CController->runActionWithFilters(Object(CInlineAction), Array)
#6 /var/www/html/bursa-lowker/framework/web/CWebApplication.php(282): CController->run('')
#7 /var/www/html/bursa-lowker/framework/web/CWebApplication.php(141): CWebApplication->runController('backend')
#8 /var/www/html/bursa-lowker/framework/base/CApplication.php(185): CWebApplication->processRequest()
#9 /var/www/html/bursa-lowker/index.php(14): CApplication->run()
#10 {main}
REQUEST_URI=/bursa-lowker/index.php/backend
---
2018/04/01 11:09:59 [error] [exception.CException] CException: BackendController cannot find the requested view "..login". in /var/www/html/bursa-lowker/framework/web/CController.php:881
Stack trace:
#0 /var/www/html/bursa-lowker/framework/web/CController.php(785): CController->renderPartial('..login', Array, true)
#1 /var/www/html/bursa-lowker/protected/controllers/BackendController.php(60): CController->render('..login', Array)
#2 /var/www/html/bursa-lowker/framework/web/actions/CInlineAction.php(49): BackendController->actionIndex()
#3 /var/www/html/bursa-lowker/framework/web/CController.php(308): CInlineAction->runWithParams(Array)
#4 /var/www/html/bursa-lowker/framework/web/CController.php(286): CController->runAction(Object(CInlineAction))
#5 /var/www/html/bursa-lowker/framework/web/CController.php(265): CController->runActionWithFilters(Object(CInlineAction), Array)
#6 /var/www/html/bursa-lowker/framework/web/CWebApplication.php(282): CController->run('')
#7 /var/www/html/bursa-lowker/framework/web/CWebApplication.php(141): CWebApplication->runController('backend')
#8 /var/www/html/bursa-lowker/framework/base/CApplication.php(185): CWebApplication->processRequest()
#9 /var/www/html/bursa-lowker/index.php(14): CApplication->run()
#10 {main}
REQUEST_URI=/bursa-lowker/index.php/backend
---
2018/04/01 11:10:00 [error] [exception.CException] CException: BackendController cannot find the requested view "..login". in /var/www/html/bursa-lowker/framework/web/CController.php:881
Stack trace:
#0 /var/www/html/bursa-lowker/framework/web/CController.php(785): CController->renderPartial('..login', Array, true)
#1 /var/www/html/bursa-lowker/protected/controllers/BackendController.php(60): CController->render('..login', Array)
#2 /var/www/html/bursa-lowker/framework/web/actions/CInlineAction.php(49): BackendController->actionIndex()
#3 /var/www/html/bursa-lowker/framework/web/CController.php(308): CInlineAction->runWithParams(Array)
#4 /var/www/html/bursa-lowker/framework/web/CController.php(286): CController->runAction(Object(CInlineAction))
#5 /var/www/html/bursa-lowker/framework/web/CController.php(265): CController->runActionWithFilters(Object(CInlineAction), Array)
#6 /var/www/html/bursa-lowker/framework/web/CWebApplication.php(282): CController->run('')
#7 /var/www/html/bursa-lowker/framework/web/CWebApplication.php(141): CWebApplication->runController('backend')
#8 /var/www/html/bursa-lowker/framework/base/CApplication.php(185): CWebApplication->processRequest()
#9 /var/www/html/bursa-lowker/index.php(14): CApplication->run()
#10 {main}
REQUEST_URI=/bursa-lowker/index.php/backend
---
2018/04/01 11:10:01 [error] [exception.CException] CException: BackendController cannot find the requested view "..login". in /var/www/html/bursa-lowker/framework/web/CController.php:881
Stack trace:
#0 /var/www/html/bursa-lowker/framework/web/CController.php(785): CController->renderPartial('..login', Array, true)
#1 /var/www/html/bursa-lowker/protected/controllers/BackendController.php(60): CController->render('..login', Array)
#2 /var/www/html/bursa-lowker/framework/web/actions/CInlineAction.php(49): BackendController->actionIndex()
#3 /var/www/html/bursa-lowker/framework/web/CController.php(308): CInlineAction->runWithParams(Array)
#4 /var/www/html/bursa-lowker/framework/web/CController.php(286): CController->runAction(Object(CInlineAction))
#5 /var/www/html/bursa-lowker/framework/web/CController.php(265): CController->runActionWithFilters(Object(CInlineAction), Array)
#6 /var/www/html/bursa-lowker/framework/web/CWebApplication.php(282): CController->run('')
#7 /var/www/html/bursa-lowker/framework/web/CWebApplication.php(141): CWebApplication->runController('backend')
#8 /var/www/html/bursa-lowker/framework/base/CApplication.php(185): CWebApplication->processRequest()
#9 /var/www/html/bursa-lowker/index.php(14): CApplication->run()
#10 {main}
REQUEST_URI=/bursa-lowker/index.php/backend
---
2018/04/01 11:10:50 [error] [exception.CHttpException.404] CHttpException: Unable to resolve the request "backend". in /var/www/html/bursa-lowker/framework/web/CWebApplication.php:286
Stack trace:
#0 /var/www/html/bursa-lowker/framework/web/CWebApplication.php(141): CWebApplication->runController('backend')
#1 /var/www/html/bursa-lowker/framework/base/CApplication.php(185): CWebApplication->processRequest()
#2 /var/www/html/bursa-lowker/index.php(14): CApplication->run()
#3 {main}
REQUEST_URI=/bursa-lowker/index.php/backend
---
2018/04/01 11:11:47 [error] [exception.CHttpException.404] CHttpException: The system is unable to find the requested action "index". in /var/www/html/bursa-lowker/framework/web/CController.php:486
Stack trace:
#0 /var/www/html/bursa-lowker/framework/web/CController.php(270): CController->missingAction('')
#1 /var/www/html/bursa-lowker/framework/web/CWebApplication.php(282): CController->run('')
#2 /var/www/html/bursa-lowker/framework/web/CWebApplication.php(141): CWebApplication->runController('')
#3 /var/www/html/bursa-lowker/framework/base/CApplication.php(185): CWebApplication->processRequest()
#4 /var/www/html/bursa-lowker/index.php(14): CApplication->run()
#5 {main}
REQUEST_URI=/bursa-lowker/index.php/
---
2018/04/01 11:11:47 [error] [exception.CHttpException.404] CHttpException: The system is unable to find the requested action "index". in /var/www/html/bursa-lowker/framework/web/CController.php:486
Stack trace:
#0 /var/www/html/bursa-lowker/framework/web/CController.php(270): CController->missingAction('')
#1 /var/www/html/bursa-lowker/framework/web/CWebApplication.php(282): CController->run('')
#2 /var/www/html/bursa-lowker/framework/web/CWebApplication.php(141): CWebApplication->runController('')
#3 /var/www/html/bursa-lowker/framework/base/CApplication.php(185): CWebApplication->processRequest()
#4 /var/www/html/bursa-lowker/index.php(14): CApplication->run()
#5 {main}
REQUEST_URI=/bursa-lowker/index.php/
---
2018/04/01 11:12:06 [error] [exception.CHttpException.404] CHttpException: Unable to resolve the request "backend". in /var/www/html/bursa-lowker/framework/web/CWebApplication.php:286
Stack trace:
#0 /var/www/html/bursa-lowker/framework/web/CWebApplication.php(141): CWebApplication->runController('backend')
#1 /var/www/html/bursa-lowker/framework/base/CApplication.php(185): CWebApplication->processRequest()
#2 /var/www/html/bursa-lowker/index.php(14): CApplication->run()
#3 {main}
REQUEST_URI=/bursa-lowker/index.php/backend
---
2018/04/01 12:07:47 [error] [exception.CHttpException.404] CHttpException: Unable to resolve the request "WebUser/update". in /var/www/html/bursa-lowker/framework/web/CWebApplication.php:286
Stack trace:
#0 /var/www/html/bursa-lowker/framework/web/CWebApplication.php(141): CWebApplication->runController('WebUser/update')
#1 /var/www/html/bursa-lowker/framework/base/CApplication.php(185): CWebApplication->processRequest()
#2 /var/www/html/bursa-lowker/index.php(14): CApplication->run()
#3 {main}
REQUEST_URI=/bursa-lowker/index.php/WebUser/update/
HTTP_REFERER=http://localhost/bursa-lowker/index.php/home
---
2018/04/01 12:08:00 [error] [exception.CHttpException.403] CHttpException: You are not authorized to perform this action. in /var/www/html/bursa-lowker/framework/web/auth/CAccessControlFilter.php:183
Stack trace:
#0 /var/www/html/bursa-lowker/framework/web/auth/CAccessControlFilter.php(145): CAccessControlFilter->accessDenied(Object(CWebUser), 'You are not aut...')
#1 /var/www/html/bursa-lowker/framework/web/filters/CFilter.php(38): CAccessControlFilter->preFilter(Object(CFilterChain))
#2 /var/www/html/bursa-lowker/framework/web/CController.php(1148): CFilter->filter(Object(CFilterChain))
#3 /var/www/html/bursa-lowker/framework/web/filters/CInlineFilter.php(58): CController->filterAccessControl(Object(CFilterChain))
#4 /var/www/html/bursa-lowker/framework/web/filters/CFilterChain.php(131): CInlineFilter->filter(Object(CFilterChain))
#5 /var/www/html/bursa-lowker/framework/web/CController.php(291): CFilterChain->run()
#6 /var/www/html/bursa-lowker/framework/web/CController.php(265): CController->runActionWithFilters(Object(CInlineAction), Array)
#7 /var/www/html/bursa-lowker/framework/web/CWebApplication.php(282): CController->run('admin')
#8 /var/www/html/bursa-lowker/framework/web/CWebApplication.php(141): CWebApplication->runController('pelamar/admin')
#9 /var/www/html/bursa-lowker/framework/base/CApplication.php(185): CWebApplication->processRequest()
#10 /var/www/html/bursa-lowker/index.php(14): CApplication->run()
#11 {main}
REQUEST_URI=/bursa-lowker/index.php/pelamar/admin
HTTP_REFERER=http://localhost/bursa-lowker/index.php/pelamar/37
---
2018/04/03 11:19:16 [error] [exception.CHttpException.404] CHttpException: Unable to resolve the request "create". in /var/www/html/bursa-lowker/framework/web/CWebApplication.php:286
Stack trace:
#0 /var/www/html/bursa-lowker/framework/web/CWebApplication.php(141): CWebApplication->runController('create')
#1 /var/www/html/bursa-lowker/framework/base/CApplication.php(185): CWebApplication->processRequest()
#2 /var/www/html/bursa-lowker/index.php(14): CApplication->run()
#3 {main}
REQUEST_URI=/bursa-lowker/index.php/create
HTTP_REFERER=http://localhost/bursa-lowker/index.php/lowongan/perusahaanSaya
---
2018/04/10 08:58:23 [error] [exception.CHttpException.403] CHttpException: You are not authorized to perform this action. in /var/www/html/bursa-lowker/framework/web/auth/CAccessControlFilter.php:183
Stack trace:
#0 /var/www/html/bursa-lowker/framework/web/auth/CAccessControlFilter.php(145): CAccessControlFilter->accessDenied(Object(CWebUser), 'You are not aut...')
#1 /var/www/html/bursa-lowker/framework/web/filters/CFilter.php(38): CAccessControlFilter->preFilter(Object(CFilterChain))
#2 /var/www/html/bursa-lowker/framework/web/CController.php(1148): CFilter->filter(Object(CFilterChain))
#3 /var/www/html/bursa-lowker/framework/web/filters/CInlineFilter.php(58): CController->filterAccessControl(Object(CFilterChain))
#4 /var/www/html/bursa-lowker/framework/web/filters/CFilterChain.php(131): CInlineFilter->filter(Object(CFilterChain))
#5 /var/www/html/bursa-lowker/framework/web/CController.php(291): CFilterChain->run()
#6 /var/www/html/bursa-lowker/framework/web/CController.php(265): CController->runActionWithFilters(Object(CInlineAction), Array)
#7 /var/www/html/bursa-lowker/framework/web/CWebApplication.php(282): CController->run('admin')
#8 /var/www/html/bursa-lowker/framework/web/CWebApplication.php(141): CWebApplication->runController('lamaran/admin')
#9 /var/www/html/bursa-lowker/framework/base/CApplication.php(185): CWebApplication->processRequest()
#10 /var/www/html/bursa-lowker/index.php(14): CApplication->run()
#11 {main}
REQUEST_URI=/bursa-lowker/index.php/lamaran/admin
HTTP_REFERER=http://localhost/bursa-lowker/index.php/home
---
2018/04/10 08:59:04 [error] [exception.CHttpException.403] CHttpException: You are not authorized to perform this action. in /var/www/html/bursa-lowker/framework/web/auth/CAccessControlFilter.php:183
Stack trace:
#0 /var/www/html/bursa-lowker/framework/web/auth/CAccessControlFilter.php(145): CAccessControlFilter->accessDenied(Object(CWebUser), 'You are not aut...')
#1 /var/www/html/bursa-lowker/framework/web/filters/CFilter.php(38): CAccessControlFilter->preFilter(Object(CFilterChain))
#2 /var/www/html/bursa-lowker/framework/web/CController.php(1148): CFilter->filter(Object(CFilterChain))
#3 /var/www/html/bursa-lowker/framework/web/filters/CInlineFilter.php(58): CController->filterAccessControl(Object(CFilterChain))
#4 /var/www/html/bursa-lowker/framework/web/filters/CFilterChain.php(131): CInlineFilter->filter(Object(CFilterChain))
#5 /var/www/html/bursa-lowker/framework/web/CController.php(291): CFilterChain->run()
#6 /var/www/html/bursa-lowker/framework/web/CController.php(265): CController->runActionWithFilters(Object(CInlineAction), Array)
#7 /var/www/html/bursa-lowker/framework/web/CWebApplication.php(282): CController->run('admin')
#8 /var/www/html/bursa-lowker/framework/web/CWebApplication.php(141): CWebApplication->runController('lowongan/admin')
#9 /var/www/html/bursa-lowker/framework/base/CApplication.php(185): CWebApplication->processRequest()
#10 /var/www/html/bursa-lowker/index.php(14): CApplication->run()
#11 {main}
REQUEST_URI=/bursa-lowker/index.php/lowongan/admin
HTTP_REFERER=http://localhost/bursa-lowker/index.php/home
---
2018/04/10 09:01:51 [error] [exception.CHttpException.403] CHttpException: You are not authorized to perform this action. in /var/www/html/bursa-lowker/framework/web/auth/CAccessControlFilter.php:183
Stack trace:
#0 /var/www/html/bursa-lowker/framework/web/auth/CAccessControlFilter.php(145): CAccessControlFilter->accessDenied(Object(CWebUser), 'You are not aut...')
#1 /var/www/html/bursa-lowker/framework/web/filters/CFilter.php(38): CAccessControlFilter->preFilter(Object(CFilterChain))
#2 /var/www/html/bursa-lowker/framework/web/CController.php(1148): CFilter->filter(Object(CFilterChain))
#3 /var/www/html/bursa-lowker/framework/web/filters/CInlineFilter.php(58): CController->filterAccessControl(Object(CFilterChain))
#4 /var/www/html/bursa-lowker/framework/web/filters/CFilterChain.php(131): CInlineFilter->filter(Object(CFilterChain))
#5 /var/www/html/bursa-lowker/framework/web/CController.php(291): CFilterChain->run()
#6 /var/www/html/bursa-lowker/framework/web/CController.php(265): CController->runActionWithFilters(Object(CInlineAction), Array)
#7 /var/www/html/bursa-lowker/framework/web/CWebApplication.php(282): CController->run('admin')
#8 /var/www/html/bursa-lowker/framework/web/CWebApplication.php(141): CWebApplication->runController('pelamar/admin')
#9 /var/www/html/bursa-lowker/framework/base/CApplication.php(185): CWebApplication->processRequest()
#10 /var/www/html/bursa-lowker/index.php(14): CApplication->run()
#11 {main}
REQUEST_URI=/bursa-lowker/index.php/pelamar/admin
HTTP_REFERER=http://localhost/bursa-lowker/index.php/kota/admin
---
2018/04/10 09:13:05 [warning] [application] Failed to set unsafe attribute "tgl_panggilan" of "Lowongan".
in /var/www/html/bursa-lowker/protected/controllers/LowonganController.php (119)
in /var/www/html/bursa-lowker/index.php (14)
2018/04/10 09:13:53 [error] [exception.CHttpException.404] CHttpException: The system is unable to find the requested action "perusahaan". in /var/www/html/bursa-lowker/framework/web/CController.php:486
Stack trace:
#0 /var/www/html/bursa-lowker/framework/web/CController.php(270): CController->missingAction('perusahaan')
#1 /var/www/html/bursa-lowker/framework/web/CWebApplication.php(282): CController->run('perusahaan')
#2 /var/www/html/bursa-lowker/framework/web/CWebApplication.php(141): CWebApplication->runController('lowongan/perusa...')
#3 /var/www/html/bursa-lowker/framework/base/CApplication.php(185): CWebApplication->processRequest()
#4 /var/www/html/bursa-lowker/index.php(14): CApplication->run()
#5 {main}
REQUEST_URI=/bursa-lowker/index.php/lowongan/perusahaan/1032
HTTP_REFERER=http://localhost/bursa-lowker/index.php/lowongan/perusahaanSaya/1032
---
2018/04/10 09:14:34 [warning] [application] Failed to set unsafe attribute "tgl_panggilan" of "Lowongan".
in /var/www/html/bursa-lowker/protected/controllers/LowonganController.php (92)
in /var/www/html/bursa-lowker/index.php (14)
2018/04/23 14:13:14 [error] [exception.CHttpException.404] CHttpException: The system is unable to find the requested action "laporan". in /var/www/html/bursa-lowker/framework/web/CController.php:486
Stack trace:
#0 /var/www/html/bursa-lowker/framework/web/CController.php(270): CController->missingAction('laporan')
#1 /var/www/html/bursa-lowker/framework/web/CWebApplication.php(282): CController->run('laporan')
#2 /var/www/html/bursa-lowker/framework/web/CWebApplication.php(141): CWebApplication->runController('lamaran/laporan')
#3 /var/www/html/bursa-lowker/framework/base/CApplication.php(185): CWebApplication->processRequest()
#4 /var/www/html/bursa-lowker/index.php(14): CApplication->run()
#5 {main}
REQUEST_URI=/bursa-lowker/index.php/lamaran/laporan
HTTP_REFERER=http://localhost/bursa-lowker/index.php/perusahaan/laporan
---
2018/04/23 14:25:46 [error] [exception.ParseError] ParseError: syntax error, unexpected 'endif' (T_ENDIF), expecting end of file in /var/www/html/bursa-lowker/protected/views/lamaran/laporan.php:51
Stack trace:
#0 /var/www/html/bursa-lowker/framework/web/CBaseController.php(95): CBaseController->renderInternal('/var/www/html/b...', Array, true)
#1 /var/www/html/bursa-lowker/framework/web/CController.php(872): CBaseController->renderFile('/var/www/html/b...', Array, true)
#2 /var/www/html/bursa-lowker/framework/web/CController.php(785): CController->renderPartial('laporan', Array, true)
#3 /var/www/html/bursa-lowker/protected/controllers/LamaranController.php(374): CController->render('laporan', Array)
#4 /var/www/html/bursa-lowker/framework/web/actions/CInlineAction.php(49): LamaranController->actionLaporan()
#5 /var/www/html/bursa-lowker/framework/web/CController.php(308): CInlineAction->runWithParams(Array)
#6 /var/www/html/bursa-lowker/framework/web/filters/CFilterChain.php(134): CController->runAction(Object(CInlineAction))
#7 /var/www/html/bursa-lowker/framework/web/filters/CFilter.php(40): CFilterChain->run()
#8 /var/www/html/bursa-lowker/framework/web/CController.php(1148): CFilter->filter(Object(CFilterChain))
#9 /var/www/html/bursa-lowker/framework/web/filters/CInlineFilter.php(58): CController->filterAccessControl(Object(CFilterChain))
#10 /var/www/html/bursa-lowker/framework/web/filters/CFilterChain.php(131): CInlineFilter->filter(Object(CFilterChain))
#11 /var/www/html/bursa-lowker/framework/web/CController.php(291): CFilterChain->run()
#12 /var/www/html/bursa-lowker/framework/web/CController.php(265): CController->runActionWithFilters(Object(CInlineAction), Array)
#13 /var/www/html/bursa-lowker/framework/web/CWebApplication.php(282): CController->run('laporan')
#14 /var/www/html/bursa-lowker/framework/web/CWebApplication.php(141): CWebApplication->runController('lamaran/laporan')
#15 /var/www/html/bursa-lowker/framework/base/CApplication.php(185): CWebApplication->processRequest()
#16 /var/www/html/bursa-lowker/index.php(14): CApplication->run()
#17 {main}
REQUEST_URI=/bursa-lowker/index.php/lamaran/laporan
HTTP_REFERER=http://localhost/bursa-lowker/index.php/perusahaan/laporan
---
2018/04/23 14:26:01 [error] [php] Undefined variable: model (/var/www/html/bursa-lowker/protected/views/lamaran/laporan.php:39)
Stack trace:
#0 /var/www/html/bursa-lowker/framework/web/CController.php(872): LamaranController->renderFile()
#1 /var/www/html/bursa-lowker/framework/web/CController.php(785): LamaranController->renderPartial()
#2 /var/www/html/bursa-lowker/protected/controllers/LamaranController.php(374): LamaranController->render()
#3 /var/www/html/bursa-lowker/framework/web/actions/CInlineAction.php(49): LamaranController->actionLaporan()
#4 /var/www/html/bursa-lowker/framework/web/CController.php(308): CInlineAction->runWithParams()
#5 /var/www/html/bursa-lowker/framework/web/filters/CFilterChain.php(134): LamaranController->runAction()
#6 /var/www/html/bursa-lowker/framework/web/filters/CFilter.php(40): CFilterChain->run()
#7 /var/www/html/bursa-lowker/framework/web/CController.php(1148): CAccessControlFilter->filter()
#8 /var/www/html/bursa-lowker/framework/web/filters/CInlineFilter.php(58): LamaranController->filterAccessControl()
#9 /var/www/html/bursa-lowker/framework/web/filters/CFilterChain.php(131): CInlineFilter->filter()
#10 /var/www/html/bursa-lowker/framework/web/CController.php(291): CFilterChain->run()
#11 /var/www/html/bursa-lowker/framework/web/CController.php(265): LamaranController->runActionWithFilters()
#12 /var/www/html/bursa-lowker/framework/web/CWebApplication.php(282): LamaranController->run()
#13 /var/www/html/bursa-lowker/framework/web/CWebApplication.php(141): CWebApplication->runController()
#14 /var/www/html/bursa-lowker/framework/base/CApplication.php(185): CWebApplication->processRequest()
#15 /var/www/html/bursa-lowker/index.php(14): CWebApplication->run()
REQUEST_URI=/bursa-lowker/index.php/lamaran/laporan
in /var/www/html/bursa-lowker/protected/views/lamaran/laporan.php (39)
in /var/www/html/bursa-lowker/protected/controllers/LamaranController.php (374)
in /var/www/html/bursa-lowker/index.php (14)
2018/04/23 14:26:15 [error] [php] Undefined variable: model (/var/www/html/bursa-lowker/protected/views/lamaran/laporan.php:89)
Stack trace:
#0 /var/www/html/bursa-lowker/framework/web/CController.php(872): LamaranController->renderFile()
#1 /var/www/html/bursa-lowker/framework/web/CController.php(785): LamaranController->renderPartial()
#2 /var/www/html/bursa-lowker/protected/controllers/LamaranController.php(374): LamaranController->render()
#3 /var/www/html/bursa-lowker/framework/web/actions/CInlineAction.php(49): LamaranController->actionLaporan()
#4 /var/www/html/bursa-lowker/framework/web/CController.php(308): CInlineAction->runWithParams()
#5 /var/www/html/bursa-lowker/framework/web/filters/CFilterChain.php(134): LamaranController->runAction()
#6 /var/www/html/bursa-lowker/framework/web/filters/CFilter.php(40): CFilterChain->run()
#7 /var/www/html/bursa-lowker/framework/web/CController.php(1148): CAccessControlFilter->filter()
#8 /var/www/html/bursa-lowker/framework/web/filters/CInlineFilter.php(58): LamaranController->filterAccessControl()
#9 /var/www/html/bursa-lowker/framework/web/filters/CFilterChain.php(131): CInlineFilter->filter()
#10 /var/www/html/bursa-lowker/framework/web/CController.php(291): CFilterChain->run()
#11 /var/www/html/bursa-lowker/framework/web/CController.php(265): LamaranController->runActionWithFilters()
#12 /var/www/html/bursa-lowker/framework/web/CWebApplication.php(282): LamaranController->run()
#13 /var/www/html/bursa-lowker/framework/web/CWebApplication.php(141): CWebApplication->runController()
#14 /var/www/html/bursa-lowker/framework/base/CApplication.php(185): CWebApplication->processRequest()
#15 /var/www/html/bursa-lowker/index.php(14): CWebApplication->run()
REQUEST_URI=/bursa-lowker/index.php/lamaran/laporan
in /var/www/html/bursa-lowker/protected/views/lamaran/laporan.php (89)
in /var/www/html/bursa-lowker/protected/controllers/LamaranController.php (374)
in /var/www/html/bursa-lowker/index.php (14)
2018/04/23 14:26:31 [error] [php] Undefined index: nama_pelamar (/var/www/html/bursa-lowker/protected/views/lamaran/laporan.php:94)
Stack trace:
#0 /var/www/html/bursa-lowker/framework/web/CController.php(872): LamaranController->renderFile()
#1 /var/www/html/bursa-lowker/framework/web/CController.php(785): LamaranController->renderPartial()
#2 /var/www/html/bursa-lowker/protected/controllers/LamaranController.php(374): LamaranController->render()
#3 /var/www/html/bursa-lowker/framework/web/actions/CInlineAction.php(49): LamaranController->actionLaporan()
#4 /var/www/html/bursa-lowker/framework/web/CController.php(308): CInlineAction->runWithParams()
#5 /var/www/html/bursa-lowker/framework/web/filters/CFilterChain.php(134): LamaranController->runAction()
#6 /var/www/html/bursa-lowker/framework/web/filters/CFilter.php(40): CFilterChain->run()
#7 /var/www/html/bursa-lowker/framework/web/CController.php(1148): CAccessControlFilter->filter()
#8 /var/www/html/bursa-lowker/framework/web/filters/CInlineFilter.php(58): LamaranController->filterAccessControl()
#9 /var/www/html/bursa-lowker/framework/web/filters/CFilterChain.php(131): CInlineFilter->filter()
#10 /var/www/html/bursa-lowker/framework/web/CController.php(291): CFilterChain->run()
#11 /var/www/html/bursa-lowker/framework/web/CController.php(265): LamaranController->runActionWithFilters()
#12 /var/www/html/bursa-lowker/framework/web/CWebApplication.php(282): LamaranController->run()
#13 /var/www/html/bursa-lowker/framework/web/CWebApplication.php(141): CWebApplication->runController()
#14 /var/www/html/bursa-lowker/framework/base/CApplication.php(185): CWebApplication->processRequest()
#15 /var/www/html/bursa-lowker/index.php(14): CWebApplication->run()
REQUEST_URI=/bursa-lowker/index.php/lamaran/laporan
in /var/www/html/bursa-lowker/protected/views/lamaran/laporan.php (94)
in /var/www/html/bursa-lowker/protected/controllers/LamaranController.php (374)
in /var/www/html/bursa-lowker/index.php (14)
